<?xml version="1.0" encoding="UTF-8"?>
<!-- Generated by org.testng.reporters.JUnitReportReporter -->
<testsuite hostname="DESKTOP-2PLNAM7" failures="0" tests="1" name="org.mockTest.TestList" time="0.007" errors="0" timestamp="2023-08-31T12:45:03 EEST" skipped="0">
  <testcase classname="org.mockTest.TestList" name="testList_ReturnsSingle_value" time="0.007"/>
  <system-out/>
</testsuite> <!-- org.mockTest.TestList -->
