<?xml version="1.0" encoding="UTF-8"?>
<!-- Generated by org.testng.reporters.JUnitReportReporter -->
<testsuite hostname="DESKTOP-2PLNAM7" failures="0" tests="1" name="org.stubbing.ToDoBusinessTest" time="0.003" errors="0" timestamp="2023-08-31T12:45:03 EEST" skipped="0">
  <testcase classname="org.stubbing.ToDoBusinessTest" name="getTodosSpring" time="0.003"/>
  <system-out/>
</testsuite> <!-- org.stubbing.ToDoBusinessTest -->
