<?xml version="1.0" encoding="UTF-8"?>
<!-- Generated by org.testng.reporters.JUnitReportReporter -->
<testsuite hostname="DESKTOP-2PLNAM7" failures="0" tests="1" name="org.mockTest.SpyTest" time="0.272" errors="0" timestamp="2023-08-31T12:45:03 EEST" skipped="0">
  <testcase classname="org.mockTest.SpyTest" name="test" time="0.272"/>
  <system-out/>
</testsuite> <!-- org.mockTest.SpyTest -->
