<?xml version="1.0" encoding="UTF-8"?>
<!-- Generated by org.testng.reporters.JUnitReportReporter -->
<testsuite hostname="DESKTOP-2PLNAM7" failures="0" tests="2" name="org.argumentMatcher.TestList" time="2.898" errors="0" timestamp="2023-08-31T12:45:03 EEST" skipped="0">
  <testcase classname="org.argumentMatcher.TestList" name="testList_ThrowsException" time="1.453"/>
  <system-out/>
  <testcase classname="org.argumentMatcher.TestList" name="testList_Argument_Matchers" time="1.445"/>
  <system-out/>
</testsuite> <!-- org.argumentMatcher.TestList -->
